<?xml version="1.0" encoding="UTF-8"?>
<!-- Generated by org.testng.reporters.JUnitReportReporter -->
<testsuite hostname="DESKTOP-FPPI0PB" failures="0" tests="1" name="com.xcm.testcases.TC01_GetAllEmployeeData" time="0.091" errors="0" timestamp="2021-04-27T22:54:07 IST" skipped="0">
  <testcase classname="com.xcm.testcases.TC01_GetAllEmployeeData" name="checkResponseBody" time="0.091"/>
  <system-out/>
</testsuite> <!-- com.xcm.testcases.TC01_GetAllEmployeeData -->
